#
# There is insufficient memory for the Java Runtime Environment to continue.
# Native memory allocation (malloc) failed to allocate 8388624 bytes for Chunk::new
# Possible reasons:
#   The system is out of physical RAM or swap space
#   In 32 bit mode, the process size limit was hit
# Possible solutions:
#   Reduce memory load on the system
#   Increase physical memory or swap space
#   Check if swap backing store is full
#   Use 64 bit Java on a 64 bit OS
#   Decrease Java heap size (-Xmx/-Xms)
#   Decrease number of Java threads
#   Decrease Java thread stack sizes (-Xss)
#   Set larger code cache with -XX:ReservedCodeCacheSize=
# This output file may be truncated or incomplete.
#
#  Out of Memory Error (allocation.cpp:390), pid=5676, tid=7228
#
# JRE version: Java(TM) SE Runtime Environment (8.0_31-b13) (build 1.8.0_31-b13)
# Java VM: Java HotSpot(TM) 64-Bit Server VM (25.31-b07 mixed mode windows-amd64 compressed oops)
# Failed to write core dump. Minidumps are not enabled by default on client versions of Windows
#

---------------  T H R E A D  ---------------

Current thread (0x0000000054bea000):  JavaThread "C2 CompilerThread1" daemon [_thread_in_native, id=7228, stack(0x0000000056480000,0x0000000056580000)]

Stack: [0x0000000056480000,0x0000000056580000]
Native frames: (J=compiled Java code, j=interpreted, Vv=VM code, C=native code)
V  [jvm.dll+0x3169ba]


Current CompileTask:
C2:  27314 1811   !   4       com.android.dx.cf.code.Ropper::processBlock (1101 bytes)


---------------  P R O C E S S  ---------------

Java Threads: ( => current thread )
  0x0000000054bef000 JavaThread "Service Thread" daemon [_thread_blocked, id=3648, stack(0x0000000056260000,0x0000000056360000)]
  0x0000000054beb800 JavaThread "C1 CompilerThread2" daemon [_thread_in_native, id=7088, stack(0x0000000056620000,0x0000000056720000)]
=>0x0000000054bea000 JavaThread "C2 CompilerThread1" daemon [_thread_in_native, id=7228, stack(0x0000000056480000,0x0000000056580000)]
  0x0000000054be6000 JavaThread "C2 CompilerThread0" daemon [_thread_in_native, id=1544, stack(0x0000000056360000,0x0000000056460000)]
  0x0000000054be4800 JavaThread "Attach Listener" daemon [_thread_blocked, id=8752, stack(0x0000000056140000,0x0000000056240000)]
  0x0000000054be1800 JavaThread "Signal Dispatcher" daemon [_thread_blocked, id=8180, stack(0x0000000055ff0000,0x00000000560f0000)]
  0x0000000054b82800 JavaThread "Finalizer" daemon [_thread_blocked, id=1188, stack(0x0000000055ea0000,0x0000000055fa0000)]
  0x0000000054b79800 JavaThread "Reference Handler" daemon [_thread_blocked, id=6968, stack(0x0000000055b00000,0x0000000055c00000)]
  0x0000000001dae800 JavaThread "main" [_thread_in_Java, id=5680, stack(0x0000000002020000,0x0000000002120000)]

Other Threads:
  0x0000000054b76000 VMThread [stack: 0x0000000055c90000,0x0000000055d90000] [id=8256]
  0x0000000056722800 WatcherThread [stack: 0x0000000056ce0000,0x0000000056de0000] [id=9000]

VM state:not at safepoint (normal execution)

VM Mutex/Monitor currently owned by a thread: None

Heap:
 PSYoungGen      total 110592K, used 35056K [0x00000000eab00000, 0x00000000f2600000, 0x0000000100000000)
  eden space 96768K, 21% used [0x00000000eab00000,0x00000000ebfc0d18,0x00000000f0980000)
  from space 13824K, 99% used [0x00000000f0980000,0x00000000f16fb3b8,0x00000000f1700000)
  to   space 12288K, 0% used [0x00000000f1700000,0x00000000f1700000,0x00000000f2300000)
 ParOldGen       total 65536K, used 32061K [0x00000000c0000000, 0x00000000c4000000, 0x00000000eab00000)
  object space 65536K, 48% used [0x00000000c0000000,0x00000000c1f4f490,0x00000000c4000000)
 Metaspace       used 5873K, capacity 7152K, committed 7296K, reserved 1056768K
  class space    used 566K, capacity 616K, committed 640K, reserved 1048576K

Card table byte_map: [0x00000000117b0000,0x00000000119c0000] byte_map_base: 0x00000000111b0000

Marking Bits: (ParMarkBitMap*) 0x0000000070a1d4f0
 Begin Bits: [0x0000000011ff0000, 0x0000000012ff0000)
 End Bits:   [0x0000000012ff0000, 0x0000000013ff0000)

Polling page: 0x00000000001a0000

CodeCache: size=245760Kb used=8932Kb max_used=8932Kb free=236827Kb
 bounds [0x00000000023f0000, 0x0000000002cb0000, 0x00000000113f0000]
 total_blobs=2168 nmethods=1908 adapters=174
 compilation: enabled

Compilation events (10 events):
Event: 22.487 Thread 0x0000000054beb800 1883       2       com.android.dx.cf.direct.DirectClassFile::makeTypeList (47 bytes)
Event: 22.488 Thread 0x0000000054beb800 nmethod 1883 0x0000000002bf3d10 code [0x0000000002bf3e80, 0x0000000002bf4118]
Event: 22.489 Thread 0x0000000054beb800 1884       2       com.android.dx.dex.cf.OptimizerOptions::loadOptimizeLists (52 bytes)
Event: 22.490 Thread 0x0000000054beb800 nmethod 1884 0x0000000002bf4250 code [0x0000000002bf43e0, 0x0000000002bf4688]
Event: 22.490 Thread 0x0000000054beb800 1885       2       com.android.dx.dex.file.ClassDefItem::<init> (110 bytes)
Event: 22.491 Thread 0x0000000054beb800 nmethod 1885 0x0000000002bf4790 code [0x0000000002bf4960, 0x0000000002bf4f28]
Event: 22.491 Thread 0x0000000054beb800 1886   !   2       com.android.dx.dex.cf.AttributeTranslator::getClassAnnotations (135 bytes)
Event: 22.493 Thread 0x0000000054beb800 nmethod 1886 0x0000000002bf51d0 code [0x0000000002bf5480, 0x0000000002bf6168]
Event: 22.494 Thread 0x0000000054beb800 1887   !   2       com.android.dx.dex.cf.CfTranslator::processFields (251 bytes)
Event: 22.497 Thread 0x0000000054beb800 nmethod 1887 0x0000000002bf6d10 code [0x0000000002bf7040, 0x0000000002bf7d08]

GC Heap History (10 events):
Event: 7.019 GC heap before
{Heap before GC invocations=1 (full 0):
 PSYoungGen      total 28672K, used 24576K [0x00000000eab00000, 0x00000000ecb00000, 0x0000000100000000)
  eden space 24576K, 100% used [0x00000000eab00000,0x00000000ec300000,0x00000000ec300000)
  from space 4096K, 0% used [0x00000000ec700000,0x00000000ec700000,0x00000000ecb00000)
  to   space 4096K, 0% used [0x00000000ec300000,0x00000000ec300000,0x00000000ec700000)
 ParOldGen       total 65536K, used 0K [0x00000000c0000000, 0x00000000c4000000, 0x00000000eab00000)
  object space 65536K, 0% used [0x00000000c0000000,0x00000000c0000000,0x00000000c4000000)
 Metaspace       used 5446K, capacity 6896K, committed 7040K, reserved 1056768K
  class space    used 540K, capacity 616K, committed 640K, reserved 1048576K
Event: 7.065 GC heap after
Heap after GC invocations=1 (full 0):
 PSYoungGen      total 28672K, used 4080K [0x00000000eab00000, 0x00000000ecb00000, 0x0000000100000000)
  eden space 24576K, 0% used [0x00000000eab00000,0x00000000eab00000,0x00000000ec300000)
  from space 4096K, 99% used [0x00000000ec300000,0x00000000ec6fc040,0x00000000ec700000)
  to   space 4096K, 0% used [0x00000000ec700000,0x00000000ec700000,0x00000000ecb00000)
 ParOldGen       total 65536K, used 1371K [0x00000000c0000000, 0x00000000c4000000, 0x00000000eab00000)
  object space 65536K, 2% used [0x00000000c0000000,0x00000000c0156e50,0x00000000c4000000)
 Metaspace       used 5446K, capacity 6896K, committed 7040K, reserved 1056768K
  class space    used 540K, capacity 616K, committed 640K, reserved 1048576K
}
Event: 11.303 GC heap before
{Heap before GC invocations=2 (full 0):
 PSYoungGen      total 28672K, used 28656K [0x00000000eab00000, 0x00000000ecb00000, 0x0000000100000000)
  eden space 24576K, 100% used [0x00000000eab00000,0x00000000ec300000,0x00000000ec300000)
  from space 4096K, 99% used [0x00000000ec300000,0x00000000ec6fc040,0x00000000ec700000)
  to   space 4096K, 0% used [0x00000000ec700000,0x00000000ec700000,0x00000000ecb00000)
 ParOldGen       total 65536K, used 1371K [0x00000000c0000000, 0x00000000c4000000, 0x00000000eab00000)
  object space 65536K, 2% used [0x00000000c0000000,0x00000000c0156e50,0x00000000c4000000)
 Metaspace       used 5720K, capacity 7024K, committed 7296K, reserved 1056768K
  class space    used 564K, capacity 616K, committed 640K, reserved 1048576K
Event: 11.330 GC heap after
Heap after GC invocations=2 (full 0):
 PSYoungGen      total 28672K, used 4075K [0x00000000eab00000, 0x00000000ecb00000, 0x0000000100000000)
  eden space 24576K, 0% used [0x00000000eab00000,0x00000000eab00000,0x00000000ec300000)
  from space 4096K, 99% used [0x00000000ec700000,0x00000000ecafac88,0x00000000ecb00000)
  to   space 4096K, 0% used [0x00000000ec300000,0x00000000ec300000,0x00000000ec700000)
 ParOldGen       total 65536K, used 4178K [0x00000000c0000000, 0x00000000c4000000, 0x00000000eab00000)
  object space 65536K, 6% used [0x00000000c0000000,0x00000000c0414bf8,0x00000000c4000000)
 Metaspace       used 5720K, capacity 7024K, committed 7296K, reserved 1056768K
  class space    used 564K, capacity 616K, committed 640K, reserved 1048576K
}
Event: 11.643 GC heap before
{Heap before GC invocations=3 (full 0):
 PSYoungGen      total 28672K, used 28651K [0x00000000eab00000, 0x00000000ecb00000, 0x0000000100000000)
  eden space 24576K, 100% used [0x00000000eab00000,0x00000000ec300000,0x00000000ec300000)
  from space 4096K, 99% used [0x00000000ec700000,0x00000000ecafac88,0x00000000ecb00000)
  to   space 4096K, 0% used [0x00000000ec300000,0x00000000ec300000,0x00000000ec700000)
 ParOldGen       total 65536K, used 4178K [0x00000000c0000000, 0x00000000c4000000, 0x00000000eab00000)
  object space 65536K, 6% used [0x00000000c0000000,0x00000000c0414bf8,0x00000000c4000000)
 Metaspace       used 5753K, capacity 7088K, committed 7296K, reserved 1056768K
  class space    used 564K, capacity 616K, committed 640K, reserved 1048576K
Event: 11.974 GC heap after
Heap after GC invocations=3 (full 0):
 PSYoungGen      total 28672K, used 4072K [0x00000000eab00000, 0x00000000ee300000, 0x0000000100000000)
  eden space 24576K, 0% used [0x00000000eab00000,0x00000000eab00000,0x00000000ec300000)
  from space 4096K, 99% used [0x00000000ec300000,0x00000000ec6fa268,0x00000000ec700000)
  to   space 4096K, 0% used [0x00000000edf00000,0x00000000edf00000,0x00000000ee300000)
 ParOldGen       total 65536K, used 7563K [0x00000000c0000000, 0x00000000c4000000, 0x00000000eab00000)
  object space 65536K, 11% used [0x00000000c0000000,0x00000000c0762c78,0x00000000c4000000)
 Metaspace       used 5753K, capacity 7088K, committed 7296K, reserved 1056768K
  class space    used 564K, capacity 616K, committed 640K, reserved 1048576K
}
Event: 12.919 GC heap before
{Heap before GC invocations=4 (full 0):
 PSYoungGen      total 28672K, used 28648K [0x00000000eab00000, 0x00000000ee300000, 0x0000000100000000)
  eden space 24576K, 100% used [0x00000000eab00000,0x00000000ec300000,0x00000000ec300000)
  from space 4096K, 99% used [0x00000000ec300000,0x00000000ec6fa268,0x00000000ec700000)
  to   space 4096K, 0% used [0x00000000edf00000,0x00000000edf00000,0x00000000ee300000)
 ParOldGen       total 65536K, used 7563K [0x00000000c0000000, 0x00000000c4000000, 0x00000000eab00000)
  object space 65536K, 11% used [0x00000000c0000000,0x00000000c0762c78,0x00000000c4000000)
 Metaspace       used 5789K, capacity 7088K, committed 7296K, reserved 1056768K
  class space    used 565K, capacity 616K, committed 640K, reserved 1048576K
Event: 17.798 GC heap after
Heap after GC invocations=4 (full 0):
 PSYoungGen      total 53248K, used 4088K [0x00000000eab00000, 0x00000000ee300000, 0x0000000100000000)
  eden space 49152K, 0% used [0x00000000eab00000,0x00000000eab00000,0x00000000edb00000)
  from space 4096K, 99% used [0x00000000edf00000,0x00000000ee2fe1f8,0x00000000ee300000)
  to   space 4096K, 0% used [0x00000000edb00000,0x00000000edb00000,0x00000000edf00000)
 ParOldGen       total 65536K, used 11715K [0x00000000c0000000, 0x00000000c4000000, 0x00000000eab00000)
  object space 65536K, 17% used [0x00000000c0000000,0x00000000c0b70ef8,0x00000000c4000000)
 Metaspace       used 5789K, capacity 7088K, committed 7296K, reserved 1056768K
  class space    used 565K, capacity 616K, committed 640K, reserved 1048576K
}
Event: 21.248 GC heap before
{Heap before GC invocations=5 (full 0):
 PSYoungGen      total 53248K, used 53240K [0x00000000eab00000, 0x00000000ee300000, 0x0000000100000000)
  eden space 49152K, 100% used [0x00000000eab00000,0x00000000edb00000,0x00000000edb00000)
  from space 4096K, 99% used [0x00000000edf00000,0x00000000ee2fe1f8,0x00000000ee300000)
  to   space 4096K, 0% used [0x00000000edb00000,0x00000000edb00000,0x00000000edf00000)
 ParOldGen       total 65536K, used 11715K [0x00000000c0000000, 0x00000000c4000000, 0x00000000eab00000)
  object space 65536K, 17% used [0x00000000c0000000,0x00000000c0b70ef8,0x00000000c4000000)
 Metaspace       used 5800K, capacity 7088K, committed 7296K, reserved 1056768K
  class space    used 565K, capacity 616K, committed 640K, reserved 1048576K
Event: 21.445 GC heap after
Heap after GC invocations=5 (full 0):
 PSYoungGen      total 53248K, used 4083K [0x00000000eab00000, 0x00000000f2300000, 0x0000000100000000)
  eden space 49152K, 0% used [0x00000000eab00000,0x00000000eab00000,0x00000000edb00000)
  from space 4096K, 99% used [0x00000000edb00000,0x00000000edefce70,0x00000000edf00000)
  to   space 12288K, 0% used [0x00000000f1700000,0x00000000f1700000,0x00000000f2300000)
 ParOldGen       total 65536K, used 19907K [0x00000000c0000000, 0x00000000c4000000, 0x00000000eab00000)
  object space 65536K, 30% used [0x00000000c0000000,0x00000000c1370ff8,0x00000000c4000000)
 Metaspace       used 5800K, capacity 7088K, committed 7296K, reserved 1056768K
  class space    used 565K, capacity 616K, committed 640K, reserved 1048576K
}

Deoptimization events (10 events):
Event: 11.510 Thread 0x0000000001dae800 Uncommon trap: reason=class_check action=maybe_recompile pc=0x00000000029ea6ec method=com.android.dx.rop.code.RegisterSpec.withSimpleType()Lcom/android/dx/rop/code/RegisterSpec; @ 21
Event: 11.579 Thread 0x0000000001dae800 Uncommon trap: reason=unreached action=reinterpret pc=0x0000000002a81330 method=java.util.HashMap.putVal(ILjava/lang/Object;Ljava/lang/Object;ZZ)Ljava/lang/Object; @ 109
Event: 11.579 Thread 0x0000000001dae800 Uncommon trap: reason=unreached action=reinterpret pc=0x00000000029e5e00 method=java.util.HashMap.getNode(ILjava/lang/Object;)Ljava/util/HashMap$Node; @ 84
Event: 11.603 Thread 0x0000000001dae800 Uncommon trap: reason=bimorphic action=maybe_recompile pc=0x00000000028f87bc method=com.android.dx.ssa.LiteralOpUpgrader.tryReplacingWithConstant(Lcom/android/dx/ssa/NormalSsaInsn;)Z @ 52
Event: 12.083 Thread 0x0000000001dae800 Uncommon trap: reason=unreached action=reinterpret pc=0x0000000002a9e42c method=com.android.dx.rop.code.LocalItem.hashCode()I @ 25
Event: 12.085 Thread 0x0000000001dae800 Uncommon trap: reason=unreached action=reinterpret pc=0x00000000029f68bc method=com.android.dx.rop.code.LocalItem.hashCode()I @ 25
Event: 12.085 Thread 0x0000000001dae800 Uncommon trap: reason=unreached action=reinterpret pc=0x00000000027102c8 method=com.android.dx.rop.code.LocalItem.hashCode()I @ 25
Event: 12.139 Thread 0x0000000001dae800 Uncommon trap: reason=bimorphic action=maybe_recompile pc=0x00000000028f87bc method=com.android.dx.ssa.LiteralOpUpgrader.tryReplacingWithConstant(Lcom/android/dx/ssa/NormalSsaInsn;)Z @ 52
Event: 22.421 Thread 0x0000000001dae800 Uncommon trap: reason=bimorphic action=maybe_recompile pc=0x0000000002ac8928 method=com.android.dx.cf.code.BytecodeArray.parseInstruction(ILcom/android/dx/cf/code/BytecodeArray$Visitor;)I @ 1501
Event: 22.422 Thread 0x0000000001dae800 Uncommon trap: reason=bimorphic action=maybe_recompile pc=0x0000000002ac8928 method=com.android.dx.cf.code.BytecodeArray.parseInstruction(ILcom/android/dx/cf/code/BytecodeArray$Visitor;)I @ 1501

Internal exceptions (6 events):
Event: 0.054 Thread 0x0000000001dae800 Exception <a 'java/lang/NoSuchMethodError': Method sun.misc.Unsafe.defineClass(Ljava/lang/String;[BII)Ljava/lang/Class; name or signature does not match> (0x00000000eab0cba8) thrown at [C:\workspace\8-2-build-windows-amd64-cygwin\jdk8u31\2394\hotspot\src\s£]/ƒnº«?
Event: 0.054 Thread 0x0000000001dae800 Exception <a 'java/lang/NoSuchMethodError': Method sun.misc.Unsafe.prefetchRead(Ljava/lang/Object;J)V name or signature does not match> (0x00000000eab0ce38) thrown at [C:\workspace\8-2-build-windows-amd64-cygwin\jdk8u31\2394\hotspot\src\share\vm\prims\jni.ð	WL=%@
Event: 10.620 Thread 0x0000000001dae800 Implicit null exception at 0x0000000002706a3e to 0x0000000002708e11
Event: 11.245 Thread 0x0000000001dae800 Exception <a 'java/lang/ArrayIndexOutOfBoundsException': 18> (0x00000000ec140290) thrown at [C:\workspace\8-2-build-windows-amd64-cygwin\jdk8u31\2394\hotspot\src\share\vm\interpreter\interpreterRuntime.cpp, line 366]
Event: 11.246 Thread 0x0000000001dae800 Exception <a 'java/lang/ArrayIndexOutOfBoundsException'> (0x00000000ec141d28) thrown at [C:\workspace\8-2-build-windows-amd64-cygwin\jdk8u31\2394\hotspot\src\share\vm\runtime\sharedRuntime.cpp, line 604]
Event: 11.247 Thread 0x0000000001dae800 Exception <a 'java/lang/ArrayIndexOutOfBoundsException'> (0x00000000ec142f40) thrown at [C:\workspace\8-2-build-windows-amd64-cygwin\jdk8u31\2394\hotspot\src\share\vm\runtime\sharedRuntime.cpp, line 604]

Events (10 events):
Event: 21.248 Executing VM operation: ParallelGCFailedAllocation
Event: 21.445 Executing VM operation: ParallelGCFailedAllocation done
Event: 22.384 Thread 0x0000000001dae800 DEOPT PACKING pc=0x00000000026c99ad sp=0x000000000211e820
Event: 22.385 Thread 0x0000000001dae800 DEOPT UNPACKING pc=0x00000000024375bf sp=0x000000000211e5c0 mode 0
Event: 22.421 Thread 0x0000000001dae800 Uncommon trap: trap_request=0xffffffc6 fr.pc=0x0000000002ac8928
Event: 22.421 Thread 0x0000000001dae800 DEOPT PACKING pc=0x0000000002ac8928 sp=0x000000000211e5b0
Event: 22.421 Thread 0x0000000001dae800 DEOPT UNPACKING pc=0x000000000243556a sp=0x000000000211e550 mode 2
Event: 22.422 Thread 0x0000000001dae800 Uncommon trap: trap_request=0xffffffc6 fr.pc=0x0000000002ac8928
Event: 22.422 Thread 0x0000000001dae800 DEOPT PACKING pc=0x0000000002ac8928 sp=0x000000000211e440
Event: 22.422 Thread 0x0000000001dae800 DEOPT UNPACKING pc=0x000000000243556a sp=0x000000000211e3e0 mode 2


Dynamic libraries:
0x000000013ffe0000 - 0x0000000140014000 	C:\PROGRA~3\Oracle\Java\javapath\java.exe
0x0000000077390000 - 0x0000000077539000 	C:\Windows\SYSTEM32\ntdll.dll
0x0000000077170000 - 0x000000007728f000 	C:\Windows\system32\kernel32.dll
0x000007fefd3d0000 - 0x000007fefd43c000 	C:\Windows\system32\KERNELBASE.dll
0x000007fefe3c0000 - 0x000007fefe49b000 	C:\Windows\system32\ADVAPI32.dll
0x000007feff2b0000 - 0x000007feff34f000 	C:\Windows\system32\msvcrt.dll
0x000007fefd710000 - 0x000007fefd72f000 	C:\Windows\SYSTEM32\sechost.dll
0x000007fefd520000 - 0x000007fefd64d000 	C:\Windows\system32\RPCRT4.dll
0x0000000077290000 - 0x000000007738a000 	C:\Windows\system32\USER32.dll
0x000007fefd6a0000 - 0x000007fefd707000 	C:\Windows\system32\GDI32.dll
0x000007fefd910000 - 0x000007fefd91e000 	C:\Windows\system32\LPK.dll
0x000007fefe2f0000 - 0x000007fefe3b9000 	C:\Windows\system32\USP10.dll
0x000007fefbd00000 - 0x000007fefbef4000 	C:\Windows\WinSxS\amd64_microsoft.windows.common-controls_6595b64144ccf1df_6.0.7601.17514_none_fa396087175ac9ac\COMCTL32.dll
0x000007feff350000 - 0x000007feff3c1000 	C:\Windows\system32\SHLWAPI.dll
0x000007fefd670000 - 0x000007fefd69e000 	C:\Windows\system32\IMM32.DLL
0x000007fefdee0000 - 0x000007fefdfe9000 	C:\Windows\system32\MSCTF.dll
0x00000000790b0000 - 0x0000000079182000 	C:\Program Files\Java\jre1.8.0_31\bin\msvcr100.dll
0x0000000070240000 - 0x0000000070a9a000 	C:\Program Files\Java\jre1.8.0_31\bin\server\jvm.dll
0x000007fef7150000 - 0x000007fef7159000 	C:\Windows\system32\WSOCK32.dll
0x000007fefe2a0000 - 0x000007fefe2ed000 	C:\Windows\system32\WS2_32.dll
0x000007fefd510000 - 0x000007fefd518000 	C:\Windows\system32\NSI.dll
0x000007fefad10000 - 0x000007fefad4b000 	C:\Windows\system32\WINMM.dll
0x0000000077560000 - 0x0000000077567000 	C:\Windows\system32\PSAPI.DLL
0x000000006e750000 - 0x000000006e75f000 	C:\Program Files\Java\jre1.8.0_31\bin\verify.dll
0x000000006df90000 - 0x000000006dfb8000 	C:\Program Files\Java\jre1.8.0_31\bin\java.dll
0x000000006ddf0000 - 0x000000006de06000 	C:\Program Files\Java\jre1.8.0_31\bin\zip.dll
0x000007fefe520000 - 0x000007feff2a9000 	C:\Windows\system32\SHELL32.dll
0x000007fefdff0000 - 0x000007fefe1f3000 	C:\Windows\system32\ole32.dll
0x000007fefd160000 - 0x000007fefd16f000 	C:\Windows\system32\profapi.dll
0x000007fefa5c0000 - 0x000007fefa6e5000 	C:\Windows\system32\dbghelp.dll

VM Arguments:
jvm_args: -Xmx1024M -Xss1m -Djava.ext.dirs=C:\Users\user\AppData\Local\Android\sdk1\build-tools\21.1.2\lib 
java_command: C:\Users\user\AppData\Local\Android\sdk1\build-tools\21.1.2\lib\dx.jar --dex --output C:\Users\user\Documents\GitHub\HandiTransport2\app\build\intermediates\pre-dexed\debug\classes-2e5cbae03b69762b500747aa94a6cf74feac1443.jar C:\Users\user\Documents\GitHub\HandiTransport2\app\build\intermediates\exploded-aar\com.android.support\support-v4\21.0.3\classes.jar
java_class_path (initial): C:\Users\user\AppData\Local\Android\sdk1\build-tools\21.1.2\lib\dx.jar
Launcher Type: SUN_STANDARD

Environment Variables:
CLASSPATH=.;C:\Program Files (x86)\QuickTime\QTSystem\QTJava.zip
PATH=C:\ProgramData\Oracle\Java\javapath;C:\oraclexe\app\oracle\product\11.2.0\server\bin;;C:\OCaml\emacs-23.3\bin;C:\OCaml\bin;C:\GNAT\2009\bin;C:\GNAT\2009\libexec\i686-pc-mingw32\4.3.4;C:\GNAT\bin;C:\Program Files (x86)\AMD APP\bin\x86_64;C:\Program Files (x86)\AMD APP\bin\x86;C:\Program Files (x86)\Intel\iCLS Client\;C:\Program Files\Intel\iCLS Client\;C:\Windows\system32;C:\Windows;C:\Windows\System32\Wbem;C:\Windows\System32\WindowsPowerShell\v1.0\;C:\Program Files\Intel\Intel(R) Management Engine Components\DAL;C:\Program Files\Intel\Intel(R) Management Engine Components\IPT;C:\Program Files (x86)\Intel\Intel(R) Management Engine Components\DAL;C:\Program Files (x86)\Intel\Intel(R) Management Engine Components\IPT;C:\Program Files\Internet Explorer;C:\Program Files (x86)\QuickTime\QTSystem\;C:\Program Files\Microsoft\Web Platform Installer\;C:\Program Files (x86)\Microsoft ASP.NET\ASP.NET Web Pages\v1.0\;C:\Program Files (x86)\Windows Kits\8.0\Windows Performance Toolkit\;C:\Program Files\Microsoft SQL Server\110\Tools\Binn\;C:\GNAT\2011\bin;C:\Users\user\Documents\Latex\miktex\bin\
USERNAME=user
OS=Windows_NT
PROCESSOR_IDENTIFIER=Intel64 Family 6 Model 42 Stepping 7, GenuineIntel



---------------  S Y S T E M  ---------------

OS: Windows 7 , 64 bit Build 7601 Service Pack 1

CPU:total 4 (2 cores per cpu, 2 threads per core) family 6 model 42 stepping 7, cmov, cx8, fxsr, mmx, sse, sse2, sse3, ssse3, sse4.1, sse4.2, popcnt, avx, clmul, ht, tsc, tscinvbit

Memory: 4k page, physical 6189424k(907436k free), swap 8105016k(0k free)

vm_info: Java HotSpot(TM) 64-Bit Server VM (25.31-b07) for windows-amd64 JRE (1.8.0_31-b13), built on Dec 17 2014 21:00:28 by "java_re" with MS VC++ 10.0 (VS2010)

time: Tue Mar 17 23:41:53 2015
elapsed time: 29 seconds (0d 0h 0m 29s)

