#
# There is insufficient memory for the Java Runtime Environment to continue.
# Native memory allocation (malloc) failed to allocate 32784 bytes for Chunk::new
# Possible reasons:
#   The system is out of physical RAM or swap space
#   In 32 bit mode, the process size limit was hit
# Possible solutions:
#   Reduce memory load on the system
#   Increase physical memory or swap space
#   Check if swap backing store is full
#   Use 64 bit Java on a 64 bit OS
#   Decrease Java heap size (-Xmx/-Xms)
#   Decrease number of Java threads
#   Decrease Java thread stack sizes (-Xss)
#   Set larger code cache with -XX:ReservedCodeCacheSize=
# This output file may be truncated or incomplete.
#
#  Out of Memory Error (allocation.cpp:390), pid=1844, tid=6864
#
# JRE version: Java(TM) SE Runtime Environment (8.0_31-b13) (build 1.8.0_31-b13)
# Java VM: Java HotSpot(TM) 64-Bit Server VM (25.31-b07 mixed mode windows-amd64 compressed oops)
# Failed to write core dump. Minidumps are not enabled by default on client versions of Windows
#

---------------  T H R E A D  ---------------

Current thread (0x0000000054c0f000):  JavaThread "C2 CompilerThread1" daemon [_thread_in_native, id=6864, stack(0x0000000056870000,0x0000000056970000)]

Stack: [0x0000000056870000,0x0000000056970000]
Native frames: (J=compiled Java code, j=interpreted, Vv=VM code, C=native code)
V  [jvm.dll+0x3169ba]


Current CompileTask:
C2:   7591  898 %     4       com.android.dx.ssa.SsaMethod::deleteInsns @ 8 (239 bytes)


---------------  P R O C E S S  ---------------

Java Threads: ( => current thread )
  0x000000005649a000 JavaThread "Service Thread" daemon [_thread_blocked, id=7776, stack(0x0000000056c10000,0x0000000056d10000)]
  0x0000000056469000 JavaThread "C1 CompilerThread2" daemon [_thread_blocked, id=504, stack(0x0000000056a20000,0x0000000056b20000)]
=>0x0000000054c0f000 JavaThread "C2 CompilerThread1" daemon [_thread_in_native, id=6864, stack(0x0000000056870000,0x0000000056970000)]
  0x0000000054c06000 JavaThread "C2 CompilerThread0" daemon [_thread_blocked, id=7220, stack(0x0000000056340000,0x0000000056440000)]
  0x0000000054c04800 JavaThread "Attach Listener" daemon [_thread_blocked, id=9104, stack(0x0000000055fa0000,0x00000000560a0000)]
  0x0000000054c01000 JavaThread "Signal Dispatcher" daemon [_thread_blocked, id=4212, stack(0x00000000560a0000,0x00000000561a0000)]
  0x0000000054ba2800 JavaThread "Finalizer" daemon [_thread_blocked, id=6644, stack(0x0000000055e10000,0x0000000055f10000)]
  0x0000000054b99800 JavaThread "Reference Handler" daemon [_thread_blocked, id=5292, stack(0x0000000055af0000,0x0000000055bf0000)]
  0x0000000001e8e800 JavaThread "main" [_thread_in_Java, id=8568, stack(0x0000000002180000,0x0000000002280000)]

Other Threads:
  0x0000000054b96000 VMThread [stack: 0x0000000055c50000,0x0000000055d50000] [id=7752]
  0x000000005649d000 WatcherThread [stack: 0x0000000056dd0000,0x0000000056ed0000] [id=1172]

VM state:not at safepoint (normal execution)

VM Mutex/Monitor currently owned by a thread: None

Heap:
 PSYoungGen      total 53248K, used 51461K [0x00000000eab00000, 0x00000000ee300000, 0x0000000100000000)
  eden space 49152K, 96% used [0x00000000eab00000,0x00000000ed942b00,0x00000000edb00000)
  from space 4096K, 99% used [0x00000000edf00000,0x00000000ee2fec18,0x00000000ee300000)
  to   space 4096K, 0% used [0x00000000edb00000,0x00000000edb00000,0x00000000edf00000)
 ParOldGen       total 65536K, used 27733K [0x00000000c0000000, 0x00000000c4000000, 0x00000000eab00000)
  object space 65536K, 42% used [0x00000000c0000000,0x00000000c1b15600,0x00000000c4000000)
 Metaspace       used 5119K, capacity 6640K, committed 6784K, reserved 1056768K
  class space    used 530K, capacity 616K, committed 640K, reserved 1048576K

Card table byte_map: [0x0000000011910000,0x0000000011b20000] byte_map_base: 0x0000000011310000

Marking Bits: (ParMarkBitMap*) 0x0000000070a1d4f0
 Begin Bits: [0x0000000012010000, 0x0000000013010000)
 End Bits:   [0x0000000013010000, 0x0000000014010000)

Polling page: 0x0000000000110000

CodeCache: size=245760Kb used=3992Kb max_used=4002Kb free=241767Kb
 bounds [0x0000000002550000, 0x0000000002950000, 0x0000000011550000]
 total_blobs=1154 nmethods=895 adapters=173
 compilation: enabled

Compilation events (10 events):
Event: 7.356 Thread 0x0000000054c06000  888       4       com.android.dx.ssa.SsaMethod::forEachInsn (36 bytes)
Event: 7.394 Thread 0x0000000054c0f000 nmethod 897% 0x00000000029373d0 code [0x00000000029375c0, 0x0000000002938330]
Event: 7.395 Thread 0x0000000054c0f000  893       4       java.util.AbstractSet::<init> (5 bytes)
Event: 7.395 Thread 0x0000000054c0f000 nmethod 893 0x000000000292b790 code [0x000000000292b8c0, 0x000000000292b918]
Event: 7.395 Thread 0x0000000054c0f000  892       4       java.util.HashSet::<init> (16 bytes)
Event: 7.396 Thread 0x0000000054c0f000 nmethod 892 0x0000000002902150 code [0x00000000029022a0, 0x0000000002902378]
Event: 7.417 Thread 0x0000000054c06000 nmethod 888 0x000000000293b7d0 code [0x000000000293ba80, 0x000000000293ca50]
Event: 7.580 Thread 0x0000000054c0f000  898 %     4       com.android.dx.ssa.SsaMethod::deleteInsns @ 8 (239 bytes)
Event: 7.586 Thread 0x0000000054c06000  899       4       com.android.dx.rop.code.RegisterSpec::getBasicType (10 bytes)
Event: 7.586 Thread 0x0000000054c06000 nmethod 899 0x00000000028dff10 code [0x00000000028e0060, 0x00000000028e00d8]

GC Heap History (4 events):
Event: 4.078 GC heap before
{Heap before GC invocations=1 (full 0):
 PSYoungGen      total 28672K, used 24576K [0x00000000eab00000, 0x00000000ecb00000, 0x0000000100000000)
  eden space 24576K, 100% used [0x00000000eab00000,0x00000000ec300000,0x00000000ec300000)
  from space 4096K, 0% used [0x00000000ec700000,0x00000000ec700000,0x00000000ecb00000)
  to   space 4096K, 0% used [0x00000000ec300000,0x00000000ec300000,0x00000000ec700000)
 ParOldGen       total 65536K, used 0K [0x00000000c0000000, 0x00000000c4000000, 0x00000000eab00000)
  object space 65536K, 0% used [0x00000000c0000000,0x00000000c0000000,0x00000000c4000000)
 Metaspace       used 5038K, capacity 6576K, committed 6784K, reserved 1056768K
  class space    used 528K, capacity 616K, committed 640K, reserved 1048576K
Event: 4.423 GC heap after
Heap after GC invocations=1 (full 0):
 PSYoungGen      total 28672K, used 4084K [0x00000000eab00000, 0x00000000ee300000, 0x0000000100000000)
  eden space 24576K, 0% used [0x00000000eab00000,0x00000000eab00000,0x00000000ec300000)
  from space 4096K, 99% used [0x00000000ec300000,0x00000000ec6fd008,0x00000000ec700000)
  to   space 4096K, 0% used [0x00000000edf00000,0x00000000edf00000,0x00000000ee300000)
 ParOldGen       total 65536K, used 9713K [0x00000000c0000000, 0x00000000c4000000, 0x00000000eab00000)
  object space 65536K, 14% used [0x00000000c0000000,0x00000000c097c680,0x00000000c4000000)
 Metaspace       used 5038K, capacity 6576K, committed 6784K, reserved 1056768K
  class space    used 528K, capacity 616K, committed 640K, reserved 1048576K
}
Event: 4.454 GC heap before
{Heap before GC invocations=2 (full 0):
 PSYoungGen      total 28672K, used 28660K [0x00000000eab00000, 0x00000000ee300000, 0x0000000100000000)
  eden space 24576K, 100% used [0x00000000eab00000,0x00000000ec300000,0x00000000ec300000)
  from space 4096K, 99% used [0x00000000ec300000,0x00000000ec6fd008,0x00000000ec700000)
  to   space 4096K, 0% used [0x00000000edf00000,0x00000000edf00000,0x00000000ee300000)
 ParOldGen       total 65536K, used 9713K [0x00000000c0000000, 0x00000000c4000000, 0x00000000eab00000)
  object space 65536K, 14% used [0x00000000c0000000,0x00000000c097c680,0x00000000c4000000)
 Metaspace       used 5038K, capacity 6576K, committed 6784K, reserved 1056768K
  class space    used 528K, capacity 616K, committed 640K, reserved 1048576K
Event: 4.961 GC heap after
Heap after GC invocations=2 (full 0):
 PSYoungGen      total 53248K, used 4091K [0x00000000eab00000, 0x00000000ee300000, 0x0000000100000000)
  eden space 49152K, 0% used [0x00000000eab00000,0x00000000eab00000,0x00000000edb00000)
  from space 4096K, 99% used [0x00000000edf00000,0x00000000ee2fec18,0x00000000ee300000)
  to   space 4096K, 0% used [0x00000000edb00000,0x00000000edb00000,0x00000000edf00000)
 ParOldGen       total 65536K, used 27733K [0x00000000c0000000, 0x00000000c4000000, 0x00000000eab00000)
  object space 65536K, 42% used [0x00000000c0000000,0x00000000c1b15600,0x00000000c4000000)
 Metaspace       used 5038K, capacity 6576K, committed 6784K, reserved 1056768K
  class space    used 528K, capacity 616K, committed 640K, reserved 1048576K
}

Deoptimization events (4 events):
Event: 3.054 Thread 0x0000000001e8e800 Uncommon trap: reason=class_check action=maybe_recompile pc=0x00000000027fedb8 method=com.android.dx.cf.code.BytecodeArray.parseInstruction(ILcom/android/dx/cf/code/BytecodeArray$Visitor;)I @ 891
Event: 3.058 Thread 0x0000000001e8e800 Uncommon trap: reason=class_check action=maybe_recompile pc=0x00000000027fedb8 method=com.android.dx.cf.code.BytecodeArray.parseInstruction(ILcom/android/dx/cf/code/BytecodeArray$Visitor;)I @ 891
Event: 3.059 Thread 0x0000000001e8e800 Uncommon trap: reason=class_check action=maybe_recompile pc=0x00000000027fedb8 method=com.android.dx.cf.code.BytecodeArray.parseInstruction(ILcom/android/dx/cf/code/BytecodeArray$Visitor;)I @ 891
Event: 3.064 Thread 0x0000000001e8e800 Uncommon trap: reason=class_check action=maybe_recompile pc=0x00000000027fedb8 method=com.android.dx.cf.code.BytecodeArray.parseInstruction(ILcom/android/dx/cf/code/BytecodeArray$Visitor;)I @ 891

Internal exceptions (2 events):
Event: 0.090 Thread 0x0000000001e8e800 Exception <a 'java/lang/NoSuchMethodError': Method sun.misc.Unsafe.defineClass(Ljava/lang/String;[BII)Ljava/lang/Class; name or signature does not match> (0x00000000eab0cbb8) thrown at [C:\workspace\8-2-build-windows-amd64-cygwin\jdk8u31\2394\hotspot\src\s×Ü0ý‘ö¶?
Event: 0.090 Thread 0x0000000001e8e800 Exception <a 'java/lang/NoSuchMethodError': Method sun.misc.Unsafe.prefetchRead(Ljava/lang/Object;J)V name or signature does not match> (0x00000000eab0ce48) thrown at [C:\workspace\8-2-build-windows-amd64-cygwin\jdk8u31\2394\hotspot\src\share\vm\prims\jni.

Events (10 events):
Event: 5.568 loading class com/android/dx/util/ListIntSet
Event: 5.568 loading class com/android/dx/util/ListIntSet done
Event: 5.583 Executing VM operation: Deoptimize
Event: 5.583 Executing VM operation: Deoptimize done
Event: 5.610 loading class java/util/ArrayList$1
Event: 5.610 loading class java/util/ArrayList$1 done
Event: 5.617 loading class com/android/dx/util/ListIntSet$1
Event: 5.617 loading class com/android/dx/util/ListIntSet$1 done
Event: 7.584 Thread 0x0000000001e8e800 DEOPT PACKING pc=0x00000000029163b5 sp=0x000000000227e4c0
Event: 7.584 Thread 0x0000000001e8e800 DEOPT UNPACKING pc=0x00000000025975bf sp=0x000000000227e2b0 mode 0


Dynamic libraries:
0x000000013fde0000 - 0x000000013fe14000 	C:\PROGRA~3\Oracle\Java\javapath\java.exe
0x0000000077390000 - 0x0000000077539000 	C:\Windows\SYSTEM32\ntdll.dll
0x0000000077170000 - 0x000000007728f000 	C:\Windows\system32\kernel32.dll
0x000007fefd3d0000 - 0x000007fefd43c000 	C:\Windows\system32\KERNELBASE.dll
0x000007fefe3c0000 - 0x000007fefe49b000 	C:\Windows\system32\ADVAPI32.dll
0x000007feff2b0000 - 0x000007feff34f000 	C:\Windows\system32\msvcrt.dll
0x000007fefd710000 - 0x000007fefd72f000 	C:\Windows\SYSTEM32\sechost.dll
0x000007fefd520000 - 0x000007fefd64d000 	C:\Windows\system32\RPCRT4.dll
0x0000000077290000 - 0x000000007738a000 	C:\Windows\system32\USER32.dll
0x000007fefd6a0000 - 0x000007fefd707000 	C:\Windows\system32\GDI32.dll
0x000007fefd910000 - 0x000007fefd91e000 	C:\Windows\system32\LPK.dll
0x000007fefe2f0000 - 0x000007fefe3b9000 	C:\Windows\system32\USP10.dll
0x000007fefbd00000 - 0x000007fefbef4000 	C:\Windows\WinSxS\amd64_microsoft.windows.common-controls_6595b64144ccf1df_6.0.7601.17514_none_fa396087175ac9ac\COMCTL32.dll
0x000007feff350000 - 0x000007feff3c1000 	C:\Windows\system32\SHLWAPI.dll
0x000007fefd670000 - 0x000007fefd69e000 	C:\Windows\system32\IMM32.DLL
0x000007fefdee0000 - 0x000007fefdfe9000 	C:\Windows\system32\MSCTF.dll
0x0000000079080000 - 0x0000000079152000 	C:\Program Files\Java\jre1.8.0_31\bin\msvcr100.dll
0x0000000070240000 - 0x0000000070a9a000 	C:\Program Files\Java\jre1.8.0_31\bin\server\jvm.dll
0x000007fef7150000 - 0x000007fef7159000 	C:\Windows\system32\WSOCK32.dll
0x000007fefe2a0000 - 0x000007fefe2ed000 	C:\Windows\system32\WS2_32.dll
0x000007fefd510000 - 0x000007fefd518000 	C:\Windows\system32\NSI.dll
0x000007fefad10000 - 0x000007fefad4b000 	C:\Windows\system32\WINMM.dll
0x0000000077560000 - 0x0000000077567000 	C:\Windows\system32\PSAPI.DLL
0x000000006e750000 - 0x000000006e75f000 	C:\Program Files\Java\jre1.8.0_31\bin\verify.dll
0x000000006df90000 - 0x000000006dfb8000 	C:\Program Files\Java\jre1.8.0_31\bin\java.dll
0x000000006ddf0000 - 0x000000006de06000 	C:\Program Files\Java\jre1.8.0_31\bin\zip.dll
0x000007fefe520000 - 0x000007feff2a9000 	C:\Windows\system32\SHELL32.dll
0x000007fefdff0000 - 0x000007fefe1f3000 	C:\Windows\system32\ole32.dll
0x000007fefd160000 - 0x000007fefd16f000 	C:\Windows\system32\profapi.dll

VM Arguments:
jvm_args: -Xmx1024M -Xss1m -Djava.ext.dirs=C:\Users\user\AppData\Local\Android\sdk1\build-tools\21.1.2\lib 
java_command: C:\Users\user\AppData\Local\Android\sdk1\build-tools\21.1.2\lib\dx.jar --dex --output C:\Users\user\Documents\GitHub\HandiTransport2\app\build\intermediates\pre-dexed\debug\classes-03dbb9164dfc68701a479d629e321c645908a69c.jar C:\Users\user\Documents\GitHub\HandiTransport2\app\build\intermediates\exploded-aar\com.google.android.gms\play-services\6.5.87\classes.jar
java_class_path (initial): C:\Users\user\AppData\Local\Android\sdk1\build-tools\21.1.2\lib\dx.jar
Launcher Type: SUN_STANDARD

Environment Variables:
CLASSPATH=.;C:\Program Files (x86)\QuickTime\QTSystem\QTJava.zip
PATH=C:\ProgramData\Oracle\Java\javapath;C:\oraclexe\app\oracle\product\11.2.0\server\bin;;C:\OCaml\emacs-23.3\bin;C:\OCaml\bin;C:\GNAT\2009\bin;C:\GNAT\2009\libexec\i686-pc-mingw32\4.3.4;C:\GNAT\bin;C:\Program Files (x86)\AMD APP\bin\x86_64;C:\Program Files (x86)\AMD APP\bin\x86;C:\Program Files (x86)\Intel\iCLS Client\;C:\Program Files\Intel\iCLS Client\;C:\Windows\system32;C:\Windows;C:\Windows\System32\Wbem;C:\Windows\System32\WindowsPowerShell\v1.0\;C:\Program Files\Intel\Intel(R) Management Engine Components\DAL;C:\Program Files\Intel\Intel(R) Management Engine Components\IPT;C:\Program Files (x86)\Intel\Intel(R) Management Engine Components\DAL;C:\Program Files (x86)\Intel\Intel(R) Management Engine Components\IPT;C:\Program Files\Internet Explorer;C:\Program Files (x86)\QuickTime\QTSystem\;C:\Program Files\Microsoft\Web Platform Installer\;C:\Program Files (x86)\Microsoft ASP.NET\ASP.NET Web Pages\v1.0\;C:\Program Files (x86)\Windows Kits\8.0\Windows Performance Toolkit\;C:\Program Files\Microsoft SQL Server\110\Tools\Binn\;C:\GNAT\2011\bin;C:\Users\user\Documents\Latex\miktex\bin\
USERNAME=user
OS=Windows_NT
PROCESSOR_IDENTIFIER=Intel64 Family 6 Model 42 Stepping 7, GenuineIntel



---------------  S Y S T E M  ---------------

OS: Windows 7 , 64 bit Build 7601 Service Pack 1

CPU:total 4 (2 cores per cpu, 2 threads per core) family 6 model 42 stepping 7, cmov, cx8, fxsr, mmx, sse, sse2, sse3, ssse3, sse4.1, sse4.2, popcnt, avx, clmul, ht, tsc, tscinvbit

Memory: 4k page, physical 6189424k(1117924k free), swap 8105016k(4880k free)

vm_info: Java HotSpot(TM) 64-Bit Server VM (25.31-b07) for windows-amd64 JRE (1.8.0_31-b13), built on Dec 17 2014 21:00:28 by "java_re" with MS VC++ 10.0 (VS2010)

time: Tue Mar 17 23:44:30 2015
elapsed time: 7 seconds (0d 0h 0m 7s)

